Loaded library ..\..\bin\jam_plugin.dll
JointMechanicsTool  loading model 'visualize_kinematics.osim'
Loaded model visualize_kinematics from file visualize_kinematics.osim
Coordinate Value: gnd_femur_rx not found in coordinates_file, assuming 0.
Coordinate Value: gnd_femur_ry not found in coordinates_file, assuming 0.
Coordinate Value: gnd_femur_rz not found in coordinates_file, assuming 0.
Coordinate Value: gnd_femur_tx not found in coordinates_file, assuming 0.
Coordinate Value: gnd_femur_ty not found in coordinates_file, assuming 0.
Coordinate Value: gnd_femur_tz not found in coordinates_file, assuming 0.
Time: 1.26
Time: 1.2706
Time: 1.2812
Time: 1.2918
Time: 1.3024
Time: 1.313
Time: 1.3236
Time: 1.3342
Time: 1.3448
Time: 1.3554
Time: 1.366
Time: 1.3766
Time: 1.3872
Time: 1.3978
Time: 1.4084
Time: 1.419
Time: 1.4296
Time: 1.4402
Time: 1.4508
Time: 1.4614
Time: 1.472
Time: 1.4826
Time: 1.4932
Time: 1.5038
Time: 1.5144
Time: 1.525
Time: 1.5356
Time: 1.5462
Time: 1.5568
Time: 1.5674
Time: 1.578
Time: 1.5886
Time: 1.5992
Time: 1.6098
Time: 1.6204
Time: 1.631
Time: 1.6416
Time: 1.6522
Time: 1.6628
Time: 1.6734
Time: 1.684
Time: 1.6946
Time: 1.7052
Time: 1.7158
Time: 1.7264
Time: 1.737
Time: 1.7476
Time: 1.7582
Time: 1.7688
Time: 1.7794
Time: 1.79
Time: 1.8006
Time: 1.8112
Time: 1.8218
Time: 1.8324
Time: 1.843
Time: 1.8536
Time: 1.8642
Time: 1.8748
Time: 1.8854
Time: 1.896
Time: 1.9066
Time: 1.9172
Time: 1.9278
Time: 1.9384
Time: 1.949
Time: 1.9596
Time: 1.9702
Time: 1.9808
Time: 1.9914
Time: 2.002
Time: 2.0126
Time: 2.0232
Time: 2.0338
Time: 2.0444
Time: 2.055
Time: 2.0656
Time: 2.0762
Time: 2.0868
Time: 2.0974
Time: 2.108
Time: 2.1186
Time: 2.1292
Time: 2.1398
Time: 2.1504
Time: 2.161
Time: 2.1716
Time: 2.1822
Time: 2.1928
Time: 2.2034
Time: 2.214
Time: 2.2246
Time: 2.2352
Time: 2.2458
Time: 2.2564
Time: 2.267
Time: 2.2776
Time: 2.2882
Time: 2.2988
Time: 2.3094
Time: 2.32
Writing .vtp files: ../results/joint-mechanics/visualize_kinematics_tibia_subchondral_bone
Writing .vtp files: ../results/joint-mechanics/visualize_kinematics_femur_subchondral_bone
Writing .vtp files: ../results/joint-mechanics/visualize_kinematics_femur_bone
Writing .vtp files: ../results/joint-mechanics/visualize_kinematics_tibia_bone
Writing .vtp files: ../results/joint-mechanics/visualize_kinematics_fibula_bone
Writing .vtp files: ../results/joint-mechanics/visualize_kinematics_MCL1
Writing .vtp files: ../results/joint-mechanics/visualize_kinematics_MCL2
Writing .vtp files: ../results/joint-mechanics/visualize_kinematics_MCL3
