Loaded library ..\..\..\bin\jam_plugin.dll
JointMechanicsTool  loading model 'C:\Users\csmith\github\jam\source\models\lenhart2015/lenhart2015.osim'
Loaded model lenhart2015 from file C:\Users\csmith\github\jam\source\models\lenhart2015/lenhart2015.osim
Time: 0
Same      Neighbor  Diff      
0         0         870       
Time: 0
Same      Neighbor  Diff      
0         0         760       
Time: 0
Same      Neighbor  Diff      
0         0         141       
Time: 0
Same      Neighbor  Diff      
0         0         141       
Time: 1.1
Time: 1.1
Same      Neighbor  Diff      
0         278       2209      
Time: 1.1
Same      Neighbor  Diff      
3         316       1728      
Time: 1.1
Same      Neighbor  Diff      
0         0         2405      
Time: 1.1
Same      Neighbor  Diff      
0         0         2412      
Time: 1.11
Time: 1.11
Same      Neighbor  Diff      
4         1334      1365      
Time: 1.11
Same      Neighbor  Diff      
0         733       1473      
Time: 1.11
Same      Neighbor  Diff      
0         0         2249      
Time: 1.11
Same      Neighbor  Diff      
0         0         2258      
Time: 1.12
Time: 1.12
Same      Neighbor  Diff      
1         1435      1485      
Time: 1.12
Same      Neighbor  Diff      
0         730       1632      
Time: 1.12
Same      Neighbor  Diff      
0         0         2153      
Time: 1.12
Same      Neighbor  Diff      
0         0         2144      
Time: 1.13
Time: 1.13
Same      Neighbor  Diff      
85        2511      555       
Time: 1.13
Same      Neighbor  Diff      
13        1976      572       
Time: 1.13
Same      Neighbor  Diff      
0         0         2084      
Time: 1.13
Same      Neighbor  Diff      
0         0         2040      
Time: 1.14
Time: 1.14
Same      Neighbor  Diff      
953       2193      167       
Time: 1.14
Same      Neighbor  Diff      
517       2044      186       
Time: 1.14
Same      Neighbor  Diff      
0         13        2000      
Time: 1.14
Same      Neighbor  Diff      
0         18        1968      
Time: 1.15
Time: 1.15
Same      Neighbor  Diff      
2454      859       115       
Time: 1.15
Same      Neighbor  Diff      
1789      958       104       
Time: 1.15
Same      Neighbor  Diff      
0         715       1278      
Time: 1.15
Same      Neighbor  Diff      
0         751       1212      
Time: 1.16
Time: 1.16
Same      Neighbor  Diff      
2719      709       46        
Time: 1.16
Same      Neighbor  Diff      
2232      619       28        
Time: 1.16
Same      Neighbor  Diff      
142       1813      56        
Time: 1.16
Same      Neighbor  Diff      
151       1755      58        
711192
711192
711192
Writing .vtp files to: ../results/fluoro_contact_tibiaMesh_dynamic_ground_ground
Writing .vtp files to: ../results/fluoro_contact_tibiaMesh_dynamic_ground_ground
Writing .vtp files to: ../results/fluoro_contact_tibiaMesh_dynamic_ground_ground
Writing .vtp files to: ../results/fluoro_contact_tibiaMesh_dynamic_ground_ground
Writing .vtp files to: ../results/fluoro_contact_tibiaMesh_dynamic_ground_ground
Writing .vtp files to: ../results/fluoro_contact_tibiaMesh_dynamic_ground_ground
Writing .vtp files to: ../results/fluoro_contact_tibiaMesh_dynamic_ground_ground
729782
729782
729782
Writing .vtp files to: ../results/fluoro_contact_femurMesh_dynamic_ground_ground
Writing .vtp files to: ../results/fluoro_contact_femurMesh_dynamic_ground_ground
Writing .vtp files to: ../results/fluoro_contact_femurMesh_dynamic_ground_ground
Writing .vtp files to: ../results/fluoro_contact_femurMesh_dynamic_ground_ground
Writing .vtp files to: ../results/fluoro_contact_femurMesh_dynamic_ground_ground
Writing .vtp files to: ../results/fluoro_contact_femurMesh_dynamic_ground_ground
Writing .vtp files to: ../results/fluoro_contact_femurMesh_dynamic_ground_ground
76052
76052
76052
Writing .vtp files to: ../results/fluoro_contact_patellaMesh_dynamic_ground_ground
Writing .vtp files to: ../results/fluoro_contact_patellaMesh_dynamic_ground_ground
Writing .vtp files to: ../results/fluoro_contact_patellaMesh_dynamic_ground_ground
Writing .vtp files to: ../results/fluoro_contact_patellaMesh_dynamic_ground_ground
Writing .vtp files to: ../results/fluoro_contact_patellaMesh_dynamic_ground_ground
Writing .vtp files to: ../results/fluoro_contact_patellaMesh_dynamic_ground_ground
Writing .vtp files to: ../results/fluoro_contact_patellaMesh_dynamic_ground_ground
